
All server cpu usage: min=0.00, max=0.00, median=0.00, p95=0.00, p99=0.00, mean=0.00, var=0.00

All request wait time (ms): min=0.00, max=0.00, median=0.00, p95=0.00, p99=0.00, mean=0.00, var=0.00
All request CPU usage (%): min=0.00, max=0.00, median=0.00, p95=0.00, p99=0.00, mean=0.00, var=0.00
All request time usage (ms): min=0.00, max=0.00, median=0.00, p95=0.00, p99=0.00, mean=0.00, var=0.00
Total request num=0, client num=0, server num=0, theory cpu process time=0.00ms, actual process time=0.76ms, efficiency=0.00%
client2 request wait time (ms): min=16.92, max=61.99, median=37.37, p95=50.92, p99=50.92, mean=39.89, var=176.20
client3 request wait time (ms): min=35.61, max=63.52, median=47.64, p95=59.45, p99=59.45, mean=49.25, var=97.20
client4 request wait time (ms): min=15.88, max=75.85, median=33.98, p95=49.82, p99=49.82, mean=37.70, var=374.66
client5 request wait time (ms): min=10.36, max=52.95, median=34.13, p95=50.29, p99=50.29, mean=34.52, var=208.54
client6 request wait time (ms): min=17.54, max=48.66, median=36.80, p95=44.88, p99=44.88, mean=34.76, var=118.81
client7 request wait time (ms): min=26.39, max=84.87, median=36.40, p95=70.37, p99=70.37, mean=47.32, var=352.39
client8 request wait time (ms): min=31.82, max=52.78, median=40.71, p95=47.78, p99=47.78, mean=42.47, var=38.61
client9 request wait time (ms): min=23.90, max=60.51, median=31.51, p95=54.97, p99=54.97, mean=40.08, var=198.35
client10 request wait time (ms): min=22.28, max=65.92, median=33.55, p95=49.83, p99=49.83, mean=37.34, var=168.50

Server 10.0.0.2 cpu usage: min=32.00, max=32.00, median=32.00, p95=32.00, p99=32.00, mean=32.00, var=0.00
Server 10.0.0.1 cpu usage: min=36.00, max=36.00, median=36.00, p95=36.00, p99=36.00, mean=36.00, var=0.00
Server 10.0.0.3 cpu usage: min=65.00, max=65.00, median=65.00, p95=65.00, p99=65.00, mean=65.00, var=0.00
All server cpu usage: min=32.00, max=65.00, median=36.00, p95=65.00, p99=65.00, mean=44.37, var=216.70

All request wait time (ms): min=10.36, max=84.87, median=38.62, p95=63.52, p99=75.85, mean=40.26, var=196.46
All request CPU usage (%): min=0.00, max=28.00, median=15.00, p95=28.00, p99=28.00, mean=14.76, var=99.88
All request time usage (ms): min=500.53, max=982.76, median=713.33, p95=946.26, p99=975.21, mean=708.85, var=17448.94
Total request num=80, client num=9, server num=3, theory cpu process time=2770.66ms, actual process time=7754.22ms, efficiency=35.73%
