
All server cpu usage: min=0.00, max=0.00, median=0.00, p95=0.00, p99=0.00, mean=0.00, var=0.00

All request wait time (ms): min=0.00, max=0.00, median=0.00, p95=0.00, p99=0.00, mean=0.00, var=0.00
All request CPU usage (%): min=0.00, max=0.00, median=0.00, p95=0.00, p99=0.00, mean=0.00, var=0.00
All request time usage (ms): min=0.00, max=0.00, median=0.00, p95=0.00, p99=0.00, mean=0.00, var=0.00
Total request num=0, client num=0, server num=0, theory cpu process time=0.00ms, actual process time=0.04ms, efficiency=0.00%
client2 request wait time (ms): min=355.26, max=1007.28, median=735.94, p95=927.06, p99=927.06, mean=698.20, var=28427.52
client3 request wait time (ms): min=81.95, max=726.40, median=479.69, p95=644.47, p99=644.47, mean=428.22, var=53589.11
client4 request wait time (ms): min=87.60, max=639.03, median=287.44, p95=601.67, p99=601.67, mean=312.63, var=33946.02
client5 request wait time (ms): min=115.59, max=794.34, median=404.82, p95=617.02, p99=699.91, mean=420.34, var=39414.20
client6 request wait time (ms): min=199.76, max=1043.33, median=714.77, p95=904.70, p99=904.70, mean=691.95, var=42811.69
client7 request wait time (ms): min=73.20, max=906.82, median=323.03, p95=741.15, p99=818.90, mean=418.61, var=67040.69
client8 request wait time (ms): min=117.02, max=690.41, median=377.02, p95=619.98, p99=619.98, mean=381.79, var=27804.00
client9 request wait time (ms): min=144.79, max=987.80, median=682.55, p95=943.03, p99=943.03, mean=633.36, var=45768.11
client10 request wait time (ms): min=242.72, max=961.65, median=684.18, p95=941.28, p99=941.28, mean=656.01, var=39076.38
client11 request wait time (ms): min=59.76, max=687.04, median=337.92, p95=678.77, p99=678.77, mean=372.33, var=41641.47
client12 request wait time (ms): min=309.59, max=998.57, median=670.87, p95=938.67, p99=938.67, mean=706.55, var=27735.85
client14 request wait time (ms): min=69.36, max=774.64, median=254.40, p95=640.97, p99=699.90, mean=358.37, var=48548.31
client13 request wait time (ms): min=232.71, max=915.72, median=637.77, p95=907.81, p99=907.81, mean=669.39, var=26148.33
client15 request wait time (ms): min=72.20, max=868.56, median=405.71, p95=736.78, p99=750.39, mean=448.72, var=66506.31
client16 request wait time (ms): min=382.17, max=1094.02, median=674.41, p95=1034.08, p99=1034.08, mean=692.67, var=43518.52
client17 request wait time (ms): min=47.08, max=741.28, median=247.40, p95=572.58, p99=628.17, mean=307.06, var=42746.62
client18 request wait time (ms): min=205.70, max=763.84, median=570.53, p95=748.41, p99=748.41, mean=565.55, var=17971.22
client19 request wait time (ms): min=190.22, max=718.18, median=432.11, p95=655.61, p99=655.61, mean=433.08, var=20242.89
client20 request wait time (ms): min=68.28, max=586.30, median=262.26, p95=546.21, p99=574.83, mean=287.75, var=22715.68

Server 10.0.0.2 cpu usage: min=38.00, max=100.00, median=97.00, p95=100.00, p99=100.00, mean=92.90, var=94.66
Server 10.0.0.1 cpu usage: min=63.00, max=100.00, median=91.00, p95=100.00, p99=100.00, mean=88.54, var=78.14
Server 10.0.0.3 cpu usage: min=68.00, max=99.00, median=91.00, p95=99.00, p99=99.00, mean=89.12, var=80.17
All server cpu usage: min=38.00, max=100.00, median=93.00, p95=100.00, p99=100.00, mean=90.24, var=88.26

All request wait time (ms): min=47.08, max=1094.02, median=508.08, p95=831.54, p99=998.57, mean=481.23, var=58614.17
All request CPU usage (%): min=2.00, max=40.00, median=23.00, p95=39.00, p99=40.00, mean=22.37, var=141.42
All request time usage (ms): min=500.47, max=998.64, median=752.67, p95=965.26, p99=992.61, mean=743.31, var=19887.00
Total request num=361, client num=19, server num=3, theory cpu process time=20045.75ms, actual process time=24783.45ms, efficiency=80.88%
