client1 request wait time (ms): min=625.61, max=2683.07, median=989.22, p95=1506.52, p99=1506.52, mean=1176.31, var=225409.43
client2 request wait time (ms): min=1000.64, max=2780.04, median=1169.72, p95=2209.02, p99=2209.02, mean=1480.03, var=264950.36
client3 request wait time (ms): min=694.48, max=2411.21, median=1117.37, p95=1941.95, p99=1941.95, mean=1277.71, var=174314.48
client4 request wait time (ms): min=940.49, max=2236.95, median=1113.70, p95=2104.51, p99=2104.51, mean=1337.32, var=181958.15
client5 request wait time (ms): min=648.56, max=2565.03, median=1023.52, p95=1514.42, p99=1514.42, mean=1146.06, var=195499.68
client6 request wait time (ms): min=693.82, max=2342.10, median=1046.24, p95=2215.35, p99=2215.35, mean=1227.91, var=210030.85
client7 request wait time (ms): min=900.56, max=2595.43, median=1098.14, p95=2105.27, p99=2105.27, mean=1368.77, var=238206.03
client8 request wait time (ms): min=732.38, max=2193.34, median=973.21, p95=1925.25, p99=1925.25, mean=1143.95, var=152219.25
client9 request wait time (ms): min=643.38, max=1938.90, median=1038.16, p95=1539.19, p99=1539.19, mean=1116.43, var=106222.07
client10 request wait time (ms): min=832.15, max=2909.57, median=1288.08, p95=2274.40, p99=2274.40, mean=1480.09, var=314780.61
client11 request wait time (ms): min=620.26, max=2738.58, median=1059.65, p95=1971.13, p99=1971.13, mean=1285.98, var=286964.28
client12 request wait time (ms): min=716.56, max=2591.90, median=999.78, p95=1972.98, p99=1972.98, mean=1200.07, var=234102.85
client13 request wait time (ms): min=744.81, max=2181.07, median=1184.28, p95=1936.55, p99=1936.55, mean=1286.16, var=172382.40
client14 request wait time (ms): min=860.19, max=2341.29, median=1000.86, p95=1800.01, p99=1800.01, mean=1185.82, var=159674.29
client15 request wait time (ms): min=771.82, max=2216.60, median=1279.49, p95=2194.28, p99=2194.28, mean=1446.98, var=207110.43
client16 request wait time (ms): min=880.49, max=2983.55, median=1100.19, p95=2037.10, p99=2037.10, mean=1413.91, var=335513.83
client17 request wait time (ms): min=741.72, max=2450.63, median=1071.37, p95=1948.41, p99=1948.41, mean=1214.44, var=198433.49
client18 request wait time (ms): min=808.41, max=1944.95, median=984.69, p95=1867.71, p99=1867.71, mean=1190.97, var=149046.56
client19 request wait time (ms): min=912.35, max=2166.22, median=1188.82, p95=1960.71, p99=1960.71, mean=1285.66, var=145056.94
client20 request wait time (ms): min=998.61, max=3154.69, median=1127.78, p95=1920.74, p99=1920.74, mean=1432.97, var=303803.44
client21 request wait time (ms): min=911.71, max=2975.25, median=1189.98, p95=2773.65, p99=2773.65, mean=1428.84, var=368622.68
client22 request wait time (ms): min=727.19, max=2681.89, median=1104.43, p95=1957.76, p99=1957.76, mean=1241.17, var=228584.83
client23 request wait time (ms): min=639.80, max=1939.47, median=1145.10, p95=1854.79, p99=1854.79, mean=1209.64, var=123838.45
client24 request wait time (ms): min=394.57, max=2186.09, median=1000.30, p95=2090.27, p99=2090.27, mean=1175.07, var=224028.95
client27 request wait time (ms): min=854.62, max=1929.73, median=1112.74, p95=1681.71, p99=1681.71, mean=1198.41, var=93391.68
client28 request wait time (ms): min=919.70, max=2694.72, median=1102.54, p95=1848.10, p99=1848.10, mean=1307.98, var=212340.15
client25 request wait time (ms): min=729.67, max=2165.77, median=1103.73, p95=1883.15, p99=1883.15, mean=1206.50, var=144630.66
client29 request wait time (ms): min=954.02, max=2989.65, median=1166.14, p95=2816.96, p99=2816.96, mean=1463.70, var=438040.04
client26 request wait time (ms): min=857.13, max=2765.42, median=1078.36, p95=1893.22, p99=1893.22, mean=1240.41, var=220474.72
client30 request wait time (ms): min=625.74, max=2688.19, median=1177.90, p95=1934.61, p99=1934.61, mean=1294.88, var=251508.93
client32 request wait time (ms): min=474.14, max=2295.11, median=905.23, p95=1883.13, p99=1883.13, mean=1119.49, var=243356.81
client31 request wait time (ms): min=761.08, max=2979.39, median=1263.15, p95=2611.33, p99=2611.33, mean=1486.13, var=385720.20
client33 request wait time (ms): min=748.04, max=2384.62, median=953.55, p95=1776.51, p99=1776.51, mean=1155.70, var=174937.06
client34 request wait time (ms): min=785.07, max=2714.07, median=1095.72, p95=2707.03, p99=2707.03, mean=1336.38, var=380651.68
client35 request wait time (ms): min=989.53, max=2227.41, median=1189.06, p95=2081.24, p99=2081.24, mean=1369.72, var=164349.13
client36 request wait time (ms): min=717.84, max=2107.61, median=1092.47, p95=1940.21, p99=1940.21, mean=1218.79, var=145588.63
client38 request wait time (ms): min=1004.49, max=2737.84, median=1176.78, p95=1981.92, p99=1981.92, mean=1394.27, var=224914.68
client37 request wait time (ms): min=792.14, max=2309.05, median=1098.56, p95=1893.66, p99=1893.66, mean=1191.81, var=160545.36
client39 request wait time (ms): min=954.81, max=2744.41, median=1151.66, p95=2556.78, p99=2556.78, mean=1393.12, var=317575.30
client40 request wait time (ms): min=897.58, max=2850.00, median=1063.48, p95=1711.15, p99=1711.15, mean=1246.56, var=243754.92

Server 10.0.0.1 cpu usage: min=14.00, max=100.00, median=93.00, p95=99.00, p99=100.00, mean=90.74, var=97.93
Server 10.0.0.2 cpu usage: min=17.00, max=100.00, median=91.00, p95=98.00, p99=100.00, mean=89.05, var=125.47
Server 10.0.0.3 cpu usage: min=11.00, max=100.00, median=92.00, p95=100.00, p99=100.00, mean=90.58, var=126.23
All server cpu usage: min=11.00, max=100.00, median=92.00, p95=99.00, p99=100.00, mean=90.13, var=117.00

All request wait time (ms): min=394.57, max=3154.69, median=1127.78, p95=2274.40, p99=2816.96, mean=1280.16, var=220895.60
All request CPU usage (%): min=10.00, max=20.00, median=15.00, p95=20.00, p99=20.00, mean=15.01, var=10.20
All request time usage (ms): min=500.85, max=999.77, median=736.92, p95=972.62, p99=996.53, mean=751.22, var=19480.60
Total request num=631, client num=40, server num=3, theory cpu process time=23721.35ms, actual process time=35760.44ms, efficiency=66.33%
