
All server cpu usage: min=0.00, max=0.00, median=0.00, p95=0.00, p99=0.00, mean=0.00, var=0.00

All request wait time (ms): min=0.00, max=0.00, median=0.00, p95=0.00, p99=0.00, mean=0.00, var=0.00
All request CPU usage (%): min=0.00, max=0.00, median=0.00, p95=0.00, p99=0.00, mean=0.00, var=0.00
All request time usage (ms): min=0.00, max=0.00, median=0.00, p95=0.00, p99=0.00, mean=0.00, var=0.00
Total request num=0, client num=0, server num=0, theory cpu process time=0.00ms, actual process time=0.63ms, efficiency=0.00%
client2 request wait time (ms): min=1282.72, max=1746.22, median=1422.40, p95=1743.21, p99=1743.21, mean=1502.58, var=24166.58
client3 request wait time (ms): min=755.43, max=1439.91, median=897.50, p95=1140.54, p99=1140.54, mean=963.84, var=36630.75
client4 request wait time (ms): min=1257.07, max=1784.19, median=1424.74, p95=1614.02, p99=1614.02, mean=1442.61, var=19380.30
client5 request wait time (ms): min=93.73, max=727.55, median=375.46, p95=705.98, p99=705.98, mean=380.64, var=46756.72
client6 request wait time (ms): min=81.40, max=724.18, median=384.51, p95=676.12, p99=676.12, mean=405.36, var=54345.92
client7 request wait time (ms): min=496.85, max=1457.95, median=892.77, p95=1318.93, p99=1318.93, mean=920.85, var=51893.03
client8 request wait time (ms): min=1168.25, max=1787.24, median=1385.44, p95=1618.66, p99=1618.66, mean=1423.32, var=28366.70
client9 request wait time (ms): min=1319.24, max=1616.98, median=1483.33, p95=1594.51, p99=1594.51, mean=1466.12, var=8423.92
client10 request wait time (ms): min=565.02, max=1421.95, median=781.06, p95=1366.63, p99=1366.63, mean=884.23, var=60339.22
client11 request wait time (ms): min=1204.43, max=1618.74, median=1463.75, p95=1588.05, p99=1588.05, mean=1442.31, var=16238.14
client12 request wait time (ms): min=27.33, max=945.39, median=278.51, p95=843.57, p99=843.57, mean=374.26, var=96862.68
client13 request wait time (ms): min=19.04, max=740.13, median=272.25, p95=566.41, p99=566.41, mean=284.15, var=42229.18
client14 request wait time (ms): min=377.02, max=1313.31, median=869.56, p95=1107.32, p99=1150.67, mean=873.48, var=47545.23
client15 request wait time (ms): min=348.35, max=1295.72, median=773.20, p95=1153.21, p99=1230.84, mean=841.95, var=58440.29
client16 request wait time (ms): min=308.55, max=1138.59, median=887.88, p95=1003.42, p99=1098.83, mean=849.53, var=34971.60
client17 request wait time (ms): min=1221.95, max=1727.91, median=1391.82, p95=1700.98, p99=1700.98, mean=1441.10, var=30814.44
client18 request wait time (ms): min=1140.86, max=1769.38, median=1537.48, p95=1704.44, p99=1704.44, mean=1517.48, var=30341.27
client19 request wait time (ms): min=153.59, max=1166.78, median=806.25, p95=1148.70, p99=1152.70, mean=803.17, var=71660.30
client20 request wait time (ms): min=1324.21, max=1675.53, median=1473.43, p95=1655.50, p99=1655.50, mean=1477.80, var=13954.93
client21 request wait time (ms): min=1337.86, max=1770.18, median=1442.14, p95=1749.81, p99=1749.81, mean=1513.96, var=22178.60
client22 request wait time (ms): min=1246.26, max=1889.04, median=1448.71, p95=1737.25, p99=1737.25, mean=1497.01, var=34872.16
client23 request wait time (ms): min=28.64, max=693.63, median=118.11, p95=637.54, p99=683.21, mean=243.37, var=52288.09
client24 request wait time (ms): min=61.68, max=1153.55, median=772.53, p95=996.79, p99=1066.59, mean=766.88, var=59328.48
client25 request wait time (ms): min=1158.99, max=1813.97, median=1431.39, p95=1683.86, p99=1683.86, mean=1446.45, var=24340.63
client26 request wait time (ms): min=304.86, max=1118.92, median=847.56, p95=1061.67, p99=1117.88, mean=832.28, var=46389.41
client27 request wait time (ms): min=29.72, max=683.80, median=182.37, p95=440.57, p99=444.10, mean=211.91, var=30279.60
client28 request wait time (ms): min=11.12, max=705.13, median=79.28, p95=600.76, p99=643.47, mean=237.22, var=51280.15
client29 request wait time (ms): min=1236.84, max=1913.42, median=1388.60, p95=1542.45, p99=1542.45, mean=1435.18, var=27628.82
client30 request wait time (ms): min=1146.93, max=1730.66, median=1489.69, p95=1685.00, p99=1685.00, mean=1475.80, var=26653.44
client32 request wait time (ms): min=414.32, max=1206.17, median=835.18, p95=1120.55, p99=1166.32, mean=837.30, var=43366.48
client33 request wait time (ms): min=150.69, max=1231.45, median=836.19, p95=1024.96, p99=1095.17, mean=783.01, var=68467.80
client31 request wait time (ms): min=1187.60, max=1617.37, median=1442.25, p95=1615.63, p99=1615.63, mean=1439.85, var=17165.71
client34 request wait time (ms): min=18.48, max=722.08, median=79.70, p95=635.48, p99=682.14, mean=211.78, var=52178.70
client35 request wait time (ms): min=1228.83, max=1900.53, median=1445.35, p95=1717.48, p99=1717.48, mean=1481.53, var=33727.70
client36 request wait time (ms): min=247.23, max=1479.15, median=786.47, p95=1056.84, p99=1103.66, mean=774.13, var=79926.94
client37 request wait time (ms): min=195.86, max=1103.30, median=791.16, p95=1065.98, p99=1079.84, mean=799.23, var=50624.88
client39 request wait time (ms): min=22.13, max=613.24, median=68.31, p95=560.26, p99=596.99, mean=190.97, var=40463.59
client38 request wait time (ms): min=1127.21, max=1646.34, median=1447.63, p95=1593.12, p99=1593.12, mean=1430.22, var=25942.10
client40 request wait time (ms): min=1148.81, max=1635.99, median=1405.38, p95=1583.10, p99=1583.10, mean=1413.15, var=17604.79

Server 10.0.0.3 cpu usage: min=57.00, max=100.00, median=93.00, p95=100.00, p99=100.00, mean=92.59, var=28.67
Server 10.0.0.1 cpu usage: min=0.00, max=100.00, median=82.00, p95=98.00, p99=100.00, mean=55.61, var=1620.44
Server 10.0.0.2 cpu usage: min=73.00, max=100.00, median=92.00, p95=99.00, p99=100.00, mean=91.93, var=22.50
All server cpu usage: min=0.00, max=100.00, median=91.00, p95=99.00, p99=100.00, mean=79.52, var=884.51

All request wait time (ms): min=11.12, max=1913.42, median=932.47, p95=1617.37, p99=1749.81, mean=917.36, var=266513.01
All request CPU usage (%): min=10.00, max=20.00, median=15.00, p95=20.00, p99=20.00, mean=14.91, var=10.26
All request time usage (ms): min=500.24, max=999.28, median=739.25, p95=971.95, p99=992.68, mean=744.38, var=19720.94
Total request num=737, client num=39, server num=3, theory cpu process time=27196.08ms, actual process time=37485.85ms, efficiency=72.55%
